<?xml version="1.0" encoding="UTF-8"?>
<testsuite name="com.example.TestParent" tests="1" skipped="0" failures="0" errors="0" timestamp="2017-01-05T04:59:45" hostname="Bharats-MacBook-Air.local" time="0.009">
  <properties/>
  <testcase name="parentTestRuns" classname="com.example.TestParent" time="0.009"/>
  <system-out><![CDATA[Running parent
]]></system-out>
  <system-err><![CDATA[]]></system-err>
</testsuite>
