<?xml version="1.0" encoding="UTF-8"?>
<testsuite name="com.example.TestChild" tests="1" skipped="0" failures="0" errors="0" timestamp="2017-01-05T04:59:45" hostname="Bharats-MacBook-Air.local" time="0.002">
  <properties/>
  <testcase name="childTestRuns" classname="com.example.TestChild" time="0.002"/>
  <system-out><![CDATA[Running child
]]></system-out>
  <system-err><![CDATA[]]></system-err>
</testsuite>
